[0.009s] Invoking command in '/home/amitha/assignment-ros2-c-publisher-node-AmithaMahesh/build/ros2_publisher': CMAKE_PREFIX_PATH=${CMAKE_PREFIX_PATH}:/opt/ros/jazzy /usr/bin/cmake /home/amitha/assignment-ros2-c-publisher-node-AmithaMahesh -DCMAKE_INSTALL_PREFIX=/home/amitha/assignment-ros2-c-publisher-node-AmithaMahesh/install/ros2_publisher
[0.137s] -- The C compiler identification is GNU 13.3.0
[0.258s] -- The CXX compiler identification is GNU 13.3.0
[0.281s] -- Detecting C compiler ABI info
[0.380s] -- Detecting C compiler ABI info - done
[0.389s] -- Check for working C compiler: /usr/bin/cc - skipped
[0.390s] -- Detecting C compile features
[0.390s] -- Detecting C compile features - done
[0.401s] -- Detecting CXX compiler ABI info
[0.495s] -- Detecting CXX compiler ABI info - done
[0.504s] -- Check for working CXX compiler: /usr/bin/c++ - skipped
[0.504s] -- Detecting CXX compile features
[0.505s] -- Detecting CXX compile features - done
[0.516s] -- Found ament_cmake: 2.5.4 (/opt/ros/jazzy/share/ament_cmake/cmake)
[0.656s] -- Found Python3: /usr/bin/python3 (found version "3.12.3") found components: Interpreter 
[0.752s] -- Found rclcpp: 28.1.13 (/opt/ros/jazzy/share/rclcpp/cmake)
[0.783s] -- Found rosidl_generator_c: 4.6.6 (/opt/ros/jazzy/share/rosidl_generator_c/cmake)
[0.793s] -- Found rosidl_generator_cpp: 4.6.6 (/opt/ros/jazzy/share/rosidl_generator_cpp/cmake)
[0.806s] -- Using all available rosidl_typesupport_c: rosidl_typesupport_fastrtps_c;rosidl_typesupport_introspection_c
[0.819s] -- Using all available rosidl_typesupport_cpp: rosidl_typesupport_fastrtps_cpp;rosidl_typesupport_introspection_cpp
[0.877s] -- Found rmw_implementation_cmake: 7.3.2 (/opt/ros/jazzy/share/rmw_implementation_cmake/cmake)
[0.879s] -- Found rmw_fastrtps_cpp: 8.4.3 (/opt/ros/jazzy/share/rmw_fastrtps_cpp/cmake)
[0.970s] -- Found OpenSSL: /usr/lib/x86_64-linux-gnu/libcrypto.so (found version "3.0.13")  
[0.996s] -- Found FastRTPS: /opt/ros/jazzy/include (Required is at least version "2.13") 
[1.016s] -- Using RMW implementation 'rmw_fastrtps_cpp' as default
[1.071s] -- Found std_msgs: 5.3.6 (/opt/ros/jazzy/share/std_msgs/cmake)
[1.084s] -- Found ament_lint_auto: 0.17.3 (/opt/ros/jazzy/share/ament_lint_auto/cmake)
[1.165s] -- Added test 'copyright' to check source files copyright and LICENSE
[1.169s] -- Added test 'cppcheck' to perform static code analysis on C / C++ code
[1.169s] -- Configured cppcheck include dirs: 
[1.169s] -- Configured cppcheck exclude dirs and/or files: 
[1.171s] -- Added test 'cpplint' to check C / C++ code against the Google style
[1.171s] -- Configured cpplint exclude dirs and/or files: 
[1.173s] -- Added test 'lint_cmake' to check CMake code style
[1.177s] -- Added test 'uncrustify' to check C / C++ code style
[1.177s] -- Configured uncrustify additional arguments: 
[1.178s] -- Added test 'xmllint' to check XML markup files
[1.179s] -- Configuring done (1.1s)
[1.185s] -- Generating done (0.0s)
[1.187s] -- Build files have been written to: /home/amitha/assignment-ros2-c-publisher-node-AmithaMahesh/build/ros2_publisher
[1.198s] Invoked command in '/home/amitha/assignment-ros2-c-publisher-node-AmithaMahesh/build/ros2_publisher' returned '0': CMAKE_PREFIX_PATH=${CMAKE_PREFIX_PATH}:/opt/ros/jazzy /usr/bin/cmake /home/amitha/assignment-ros2-c-publisher-node-AmithaMahesh -DCMAKE_INSTALL_PREFIX=/home/amitha/assignment-ros2-c-publisher-node-AmithaMahesh/install/ros2_publisher
[1.199s] Invoking command in '/home/amitha/assignment-ros2-c-publisher-node-AmithaMahesh/build/ros2_publisher': CMAKE_PREFIX_PATH=${CMAKE_PREFIX_PATH}:/opt/ros/jazzy /usr/bin/cmake --build /home/amitha/assignment-ros2-c-publisher-node-AmithaMahesh/build/ros2_publisher -- -j22 -l22
[1.246s] [ 50%] [32mBuilding CXX object CMakeFiles/publisher_node.dir/src/publisher_node.cpp.o[0m
[4.081s] [100%] [32m[1mLinking CXX executable publisher_node[0m
[4.224s] [100%] Built target publisher_node
[4.239s] Invoked command in '/home/amitha/assignment-ros2-c-publisher-node-AmithaMahesh/build/ros2_publisher' returned '0': CMAKE_PREFIX_PATH=${CMAKE_PREFIX_PATH}:/opt/ros/jazzy /usr/bin/cmake --build /home/amitha/assignment-ros2-c-publisher-node-AmithaMahesh/build/ros2_publisher -- -j22 -l22
[4.250s] Invoking command in '/home/amitha/assignment-ros2-c-publisher-node-AmithaMahesh/build/ros2_publisher': CMAKE_PREFIX_PATH=${CMAKE_PREFIX_PATH}:/opt/ros/jazzy /usr/bin/cmake --install /home/amitha/assignment-ros2-c-publisher-node-AmithaMahesh/build/ros2_publisher
[4.257s] -- Install configuration: ""
[4.257s] -- Installing: /home/amitha/assignment-ros2-c-publisher-node-AmithaMahesh/install/ros2_publisher/lib/ros2_publisher/publisher_node
[4.259s] -- Set non-toolchain portion of runtime path of "/home/amitha/assignment-ros2-c-publisher-node-AmithaMahesh/install/ros2_publisher/lib/ros2_publisher/publisher_node" to ""
[4.259s] -- Installing: /home/amitha/assignment-ros2-c-publisher-node-AmithaMahesh/install/ros2_publisher/share/ament_index/resource_index/package_run_dependencies/ros2_publisher
[4.259s] -- Installing: /home/amitha/assignment-ros2-c-publisher-node-AmithaMahesh/install/ros2_publisher/share/ament_index/resource_index/parent_prefix_path/ros2_publisher
[4.260s] -- Installing: /home/amitha/assignment-ros2-c-publisher-node-AmithaMahesh/install/ros2_publisher/share/ros2_publisher/environment/ament_prefix_path.sh
[4.260s] -- Installing: /home/amitha/assignment-ros2-c-publisher-node-AmithaMahesh/install/ros2_publisher/share/ros2_publisher/environment/ament_prefix_path.dsv
[4.260s] -- Installing: /home/amitha/assignment-ros2-c-publisher-node-AmithaMahesh/install/ros2_publisher/share/ros2_publisher/environment/path.sh
[4.260s] -- Installing: /home/amitha/assignment-ros2-c-publisher-node-AmithaMahesh/install/ros2_publisher/share/ros2_publisher/environment/path.dsv
[4.260s] -- Installing: /home/amitha/assignment-ros2-c-publisher-node-AmithaMahesh/install/ros2_publisher/share/ros2_publisher/local_setup.bash
[4.260s] -- Installing: /home/amitha/assignment-ros2-c-publisher-node-AmithaMahesh/install/ros2_publisher/share/ros2_publisher/local_setup.sh
[4.260s] -- Installing: /home/amitha/assignment-ros2-c-publisher-node-AmithaMahesh/install/ros2_publisher/share/ros2_publisher/local_setup.zsh
[4.261s] -- Installing: /home/amitha/assignment-ros2-c-publisher-node-AmithaMahesh/install/ros2_publisher/share/ros2_publisher/local_setup.dsv
[4.261s] -- Installing: /home/amitha/assignment-ros2-c-publisher-node-AmithaMahesh/install/ros2_publisher/share/ros2_publisher/package.dsv
[4.261s] -- Installing: /home/amitha/assignment-ros2-c-publisher-node-AmithaMahesh/install/ros2_publisher/share/ament_index/resource_index/packages/ros2_publisher
[4.261s] -- Installing: /home/amitha/assignment-ros2-c-publisher-node-AmithaMahesh/install/ros2_publisher/share/ros2_publisher/cmake/ros2_publisherConfig.cmake
[4.261s] -- Installing: /home/amitha/assignment-ros2-c-publisher-node-AmithaMahesh/install/ros2_publisher/share/ros2_publisher/cmake/ros2_publisherConfig-version.cmake
[4.261s] -- Installing: /home/amitha/assignment-ros2-c-publisher-node-AmithaMahesh/install/ros2_publisher/share/ros2_publisher/package.xml
[4.264s] Invoked command in '/home/amitha/assignment-ros2-c-publisher-node-AmithaMahesh/build/ros2_publisher' returned '0': CMAKE_PREFIX_PATH=${CMAKE_PREFIX_PATH}:/opt/ros/jazzy /usr/bin/cmake --install /home/amitha/assignment-ros2-c-publisher-node-AmithaMahesh/build/ros2_publisher
