[0.181s] DEBUG:colcon:Command line arguments: ['/usr/bin/colcon', 'build', '--packages-select', 'ros2_publisher']
[0.181s] DEBUG:colcon:Parsed command line arguments: Namespace(log_base=None, log_level=None, verb_name='build', build_base='build', install_base='install', merge_install=False, symlink_install=False, test_result_base=None, continue_on_error=False, executor='parallel', parallel_workers=22, event_handlers=None, ignore_user_meta=False, metas=['./colcon.meta'], base_paths=['.'], packages_ignore=None, packages_ignore_regex=None, paths=None, packages_up_to=None, packages_up_to_regex=None, packages_above=None, packages_above_and_dependencies=None, packages_above_depth=None, packages_select_by_dep=None, packages_skip_by_dep=None, packages_skip_up_to=None, packages_select_build_failed=False, packages_skip_build_finished=False, packages_select_test_failures=False, packages_skip_test_passed=False, packages_select=['ros2_publisher'], packages_skip=None, packages_select_regex=None, packages_skip_regex=None, packages_start=None, packages_end=None, allow_overriding=[], cmake_args=None, cmake_target=None, cmake_target_skip_unavailable=False, cmake_clean_cache=False, cmake_clean_first=False, cmake_force_configure=False, ament_cmake_args=None, catkin_cmake_args=None, catkin_skip_building_tests=False, mixin_files=None, mixin=None, verb_parser=<colcon_mixin.mixin.mixin_argument.MixinArgumentDecorator object at 0x74266eb92f60>, verb_extension=<colcon_core.verb.build.BuildVerb object at 0x74266eb92ba0>, main=<bound method BuildVerb.main of <colcon_core.verb.build.BuildVerb object at 0x74266eb92ba0>>, mixin_verb=('build',))
[0.217s] Level 1:colcon.colcon_core.package_discovery:discover_packages(colcon_meta) check parameters
[0.217s] Level 1:colcon.colcon_core.package_discovery:discover_packages(recursive) check parameters
[0.217s] Level 1:colcon.colcon_core.package_discovery:discover_packages(ignore) check parameters
[0.217s] Level 1:colcon.colcon_core.package_discovery:discover_packages(path) check parameters
[0.217s] Level 1:colcon.colcon_core.package_discovery:discover_packages(colcon_meta) discover
[0.217s] Level 1:colcon.colcon_core.package_discovery:discover_packages(recursive) discover
[0.217s] INFO:colcon.colcon_core.package_discovery:Crawling recursively for packages in '/home/amitha/assignment-ros2-c-publisher-node-AmithaMahesh'
[0.217s] Level 1:colcon.colcon_core.package_identification:_identify(.) by extensions ['ignore', 'ignore_ament_install']
[0.217s] Level 1:colcon.colcon_core.package_identification:_identify(.) by extension 'ignore'
[0.217s] Level 1:colcon.colcon_core.package_identification:_identify(.) by extension 'ignore_ament_install'
[0.217s] Level 1:colcon.colcon_core.package_identification:_identify(.) by extensions ['colcon_pkg']
[0.217s] Level 1:colcon.colcon_core.package_identification:_identify(.) by extension 'colcon_pkg'
[0.217s] Level 1:colcon.colcon_core.package_identification:_identify(.) by extensions ['colcon_meta']
[0.217s] Level 1:colcon.colcon_core.package_identification:_identify(.) by extension 'colcon_meta'
[0.217s] Level 1:colcon.colcon_core.package_identification:_identify(.) by extensions ['ros']
[0.217s] Level 1:colcon.colcon_core.package_identification:_identify(.) by extension 'ros'
[0.238s] DEBUG:colcon.colcon_core.package_identification:Package '.' with type 'ros.ament_cmake' and name 'ros2_publisher'
[0.238s] Level 1:colcon.colcon_core.package_discovery:discover_packages(recursive) using defaults
[0.238s] Level 1:colcon.colcon_core.package_discovery:discover_packages(ignore) discover
[0.238s] Level 1:colcon.colcon_core.package_discovery:discover_packages(ignore) using defaults
[0.238s] Level 1:colcon.colcon_core.package_discovery:discover_packages(path) discover
[0.238s] Level 1:colcon.colcon_core.package_discovery:discover_packages(path) using defaults
[0.266s] Level 1:colcon.colcon_core.package_discovery:discover_packages(prefix_path) check parameters
[0.266s] Level 1:colcon.colcon_core.package_discovery:discover_packages(prefix_path) discover
[0.269s] DEBUG:colcon.colcon_installed_package_information.package_discovery:Found 290 installed packages in /opt/ros/jazzy
[0.271s] Level 1:colcon.colcon_core.package_discovery:discover_packages(prefix_path) using defaults
[0.298s] Level 5:colcon.colcon_core.verb:set package 'ros2_publisher' build argument 'cmake_args' from command line to 'None'
[0.298s] Level 5:colcon.colcon_core.verb:set package 'ros2_publisher' build argument 'cmake_target' from command line to 'None'
[0.298s] Level 5:colcon.colcon_core.verb:set package 'ros2_publisher' build argument 'cmake_target_skip_unavailable' from command line to 'False'
[0.298s] Level 5:colcon.colcon_core.verb:set package 'ros2_publisher' build argument 'cmake_clean_cache' from command line to 'False'
[0.298s] Level 5:colcon.colcon_core.verb:set package 'ros2_publisher' build argument 'cmake_clean_first' from command line to 'False'
[0.298s] Level 5:colcon.colcon_core.verb:set package 'ros2_publisher' build argument 'cmake_force_configure' from command line to 'False'
[0.298s] Level 5:colcon.colcon_core.verb:set package 'ros2_publisher' build argument 'ament_cmake_args' from command line to 'None'
[0.298s] Level 5:colcon.colcon_core.verb:set package 'ros2_publisher' build argument 'catkin_cmake_args' from command line to 'None'
[0.298s] Level 5:colcon.colcon_core.verb:set package 'ros2_publisher' build argument 'catkin_skip_building_tests' from command line to 'False'
[0.298s] DEBUG:colcon.colcon_core.verb:Building package 'ros2_publisher' with the following arguments: {'ament_cmake_args': None, 'build_base': '/home/amitha/assignment-ros2-c-publisher-node-AmithaMahesh/build/ros2_publisher', 'catkin_cmake_args': None, 'catkin_skip_building_tests': False, 'cmake_args': None, 'cmake_clean_cache': False, 'cmake_clean_first': False, 'cmake_force_configure': False, 'cmake_target': None, 'cmake_target_skip_unavailable': False, 'install_base': '/home/amitha/assignment-ros2-c-publisher-node-AmithaMahesh/install/ros2_publisher', 'merge_install': False, 'path': '/home/amitha/assignment-ros2-c-publisher-node-AmithaMahesh', 'symlink_install': False, 'test_result_base': None}
[0.298s] INFO:colcon.colcon_core.executor:Executing jobs using 'parallel' executor
[0.299s] DEBUG:colcon.colcon_parallel_executor.executor.parallel:run_until_complete
[0.299s] INFO:colcon.colcon_ros.task.ament_cmake.build:Building ROS package in '/home/amitha/assignment-ros2-c-publisher-node-AmithaMahesh' with build type 'ament_cmake'
[0.299s] INFO:colcon.colcon_cmake.task.cmake.build:Building CMake package in '/home/amitha/assignment-ros2-c-publisher-node-AmithaMahesh'
[0.302s] INFO:colcon.colcon_core.plugin_system:Skipping extension 'colcon_core.shell.bat': Not used on non-Windows systems
[0.302s] INFO:colcon.colcon_core.shell:Skip shell extension 'powershell' for command environment: Not usable outside of PowerShell
[0.302s] DEBUG:colcon.colcon_core.shell:Skip shell extension 'dsv' for command environment
[0.309s] DEBUG:colcon.colcon_core.event_handler.log_command:Invoking command in '/home/amitha/assignment-ros2-c-publisher-node-AmithaMahesh/build/ros2_publisher': CMAKE_PREFIX_PATH=${CMAKE_PREFIX_PATH}:/opt/ros/jazzy /usr/bin/cmake /home/amitha/assignment-ros2-c-publisher-node-AmithaMahesh -DCMAKE_INSTALL_PREFIX=/home/amitha/assignment-ros2-c-publisher-node-AmithaMahesh/install/ros2_publisher
[1.498s] DEBUG:colcon.colcon_core.event_handler.log_command:Invoked command in '/home/amitha/assignment-ros2-c-publisher-node-AmithaMahesh/build/ros2_publisher' returned '0': CMAKE_PREFIX_PATH=${CMAKE_PREFIX_PATH}:/opt/ros/jazzy /usr/bin/cmake /home/amitha/assignment-ros2-c-publisher-node-AmithaMahesh -DCMAKE_INSTALL_PREFIX=/home/amitha/assignment-ros2-c-publisher-node-AmithaMahesh/install/ros2_publisher
[1.498s] DEBUG:colcon.colcon_core.event_handler.log_command:Invoking command in '/home/amitha/assignment-ros2-c-publisher-node-AmithaMahesh/build/ros2_publisher': CMAKE_PREFIX_PATH=${CMAKE_PREFIX_PATH}:/opt/ros/jazzy /usr/bin/cmake --build /home/amitha/assignment-ros2-c-publisher-node-AmithaMahesh/build/ros2_publisher -- -j22 -l22
[4.539s] DEBUG:colcon.colcon_core.event_handler.log_command:Invoked command in '/home/amitha/assignment-ros2-c-publisher-node-AmithaMahesh/build/ros2_publisher' returned '0': CMAKE_PREFIX_PATH=${CMAKE_PREFIX_PATH}:/opt/ros/jazzy /usr/bin/cmake --build /home/amitha/assignment-ros2-c-publisher-node-AmithaMahesh/build/ros2_publisher -- -j22 -l22
[4.549s] DEBUG:colcon.colcon_core.event_handler.log_command:Invoking command in '/home/amitha/assignment-ros2-c-publisher-node-AmithaMahesh/build/ros2_publisher': CMAKE_PREFIX_PATH=${CMAKE_PREFIX_PATH}:/opt/ros/jazzy /usr/bin/cmake --install /home/amitha/assignment-ros2-c-publisher-node-AmithaMahesh/build/ros2_publisher
[4.563s] Level 1:colcon.colcon_core.environment:create_environment_scripts_only(ros2_publisher)
[4.564s] DEBUG:colcon.colcon_core.event_handler.log_command:Invoked command in '/home/amitha/assignment-ros2-c-publisher-node-AmithaMahesh/build/ros2_publisher' returned '0': CMAKE_PREFIX_PATH=${CMAKE_PREFIX_PATH}:/opt/ros/jazzy /usr/bin/cmake --install /home/amitha/assignment-ros2-c-publisher-node-AmithaMahesh/build/ros2_publisher
[4.568s] Level 1:colcon.colcon_core.environment:checking '/home/amitha/assignment-ros2-c-publisher-node-AmithaMahesh/install/ros2_publisher' for CMake module files
[4.569s] Level 1:colcon.colcon_core.environment:checking '/home/amitha/assignment-ros2-c-publisher-node-AmithaMahesh/install/ros2_publisher' for CMake config files
[4.569s] Level 1:colcon.colcon_core.shell:create_environment_hook('ros2_publisher', 'cmake_prefix_path')
[4.569s] INFO:colcon.colcon_core.shell:Creating environment hook '/home/amitha/assignment-ros2-c-publisher-node-AmithaMahesh/install/ros2_publisher/share/ros2_publisher/hook/cmake_prefix_path.ps1'
[4.570s] INFO:colcon.colcon_core.shell:Creating environment descriptor '/home/amitha/assignment-ros2-c-publisher-node-AmithaMahesh/install/ros2_publisher/share/ros2_publisher/hook/cmake_prefix_path.dsv'
[4.570s] INFO:colcon.colcon_core.shell:Creating environment hook '/home/amitha/assignment-ros2-c-publisher-node-AmithaMahesh/install/ros2_publisher/share/ros2_publisher/hook/cmake_prefix_path.sh'
[4.571s] Level 1:colcon.colcon_core.environment:checking '/home/amitha/assignment-ros2-c-publisher-node-AmithaMahesh/install/ros2_publisher/lib'
[4.571s] Level 1:colcon.colcon_core.environment:checking '/home/amitha/assignment-ros2-c-publisher-node-AmithaMahesh/install/ros2_publisher/bin'
[4.571s] Level 1:colcon.colcon_core.environment:checking '/home/amitha/assignment-ros2-c-publisher-node-AmithaMahesh/install/ros2_publisher/lib/pkgconfig/ros2_publisher.pc'
[4.571s] Level 1:colcon.colcon_core.environment:checking '/home/amitha/assignment-ros2-c-publisher-node-AmithaMahesh/install/ros2_publisher/lib/python3.12/site-packages'
[4.572s] Level 1:colcon.colcon_core.environment:checking '/home/amitha/assignment-ros2-c-publisher-node-AmithaMahesh/install/ros2_publisher/bin'
[4.572s] INFO:colcon.colcon_core.shell:Creating package script '/home/amitha/assignment-ros2-c-publisher-node-AmithaMahesh/install/ros2_publisher/share/ros2_publisher/package.ps1'
[4.572s] INFO:colcon.colcon_core.shell:Creating package descriptor '/home/amitha/assignment-ros2-c-publisher-node-AmithaMahesh/install/ros2_publisher/share/ros2_publisher/package.dsv'
[4.573s] INFO:colcon.colcon_core.shell:Creating package script '/home/amitha/assignment-ros2-c-publisher-node-AmithaMahesh/install/ros2_publisher/share/ros2_publisher/package.sh'
[4.573s] INFO:colcon.colcon_core.shell:Creating package script '/home/amitha/assignment-ros2-c-publisher-node-AmithaMahesh/install/ros2_publisher/share/ros2_publisher/package.bash'
[4.574s] INFO:colcon.colcon_core.shell:Creating package script '/home/amitha/assignment-ros2-c-publisher-node-AmithaMahesh/install/ros2_publisher/share/ros2_publisher/package.zsh'
[4.574s] Level 1:colcon.colcon_core.environment:create_file_with_runtime_dependencies(/home/amitha/assignment-ros2-c-publisher-node-AmithaMahesh/install/ros2_publisher/share/colcon-core/packages/ros2_publisher)
[4.575s] Level 1:colcon.colcon_core.environment:create_environment_scripts_only(ros2_publisher)
[4.575s] Level 1:colcon.colcon_core.environment:checking '/home/amitha/assignment-ros2-c-publisher-node-AmithaMahesh/install/ros2_publisher' for CMake module files
[4.575s] Level 1:colcon.colcon_core.environment:checking '/home/amitha/assignment-ros2-c-publisher-node-AmithaMahesh/install/ros2_publisher' for CMake config files
[4.575s] Level 1:colcon.colcon_core.shell:create_environment_hook('ros2_publisher', 'cmake_prefix_path')
[4.575s] INFO:colcon.colcon_core.shell:Creating environment hook '/home/amitha/assignment-ros2-c-publisher-node-AmithaMahesh/install/ros2_publisher/share/ros2_publisher/hook/cmake_prefix_path.ps1'
[4.576s] INFO:colcon.colcon_core.shell:Creating environment descriptor '/home/amitha/assignment-ros2-c-publisher-node-AmithaMahesh/install/ros2_publisher/share/ros2_publisher/hook/cmake_prefix_path.dsv'
[4.576s] INFO:colcon.colcon_core.shell:Creating environment hook '/home/amitha/assignment-ros2-c-publisher-node-AmithaMahesh/install/ros2_publisher/share/ros2_publisher/hook/cmake_prefix_path.sh'
[4.576s] Level 1:colcon.colcon_core.environment:checking '/home/amitha/assignment-ros2-c-publisher-node-AmithaMahesh/install/ros2_publisher/lib'
[4.576s] Level 1:colcon.colcon_core.environment:checking '/home/amitha/assignment-ros2-c-publisher-node-AmithaMahesh/install/ros2_publisher/bin'
[4.576s] Level 1:colcon.colcon_core.environment:checking '/home/amitha/assignment-ros2-c-publisher-node-AmithaMahesh/install/ros2_publisher/lib/pkgconfig/ros2_publisher.pc'
[4.576s] Level 1:colcon.colcon_core.environment:checking '/home/amitha/assignment-ros2-c-publisher-node-AmithaMahesh/install/ros2_publisher/lib/python3.12/site-packages'
[4.577s] Level 1:colcon.colcon_core.environment:checking '/home/amitha/assignment-ros2-c-publisher-node-AmithaMahesh/install/ros2_publisher/bin'
[4.577s] INFO:colcon.colcon_core.shell:Creating package script '/home/amitha/assignment-ros2-c-publisher-node-AmithaMahesh/install/ros2_publisher/share/ros2_publisher/package.ps1'
[4.577s] INFO:colcon.colcon_core.shell:Creating package descriptor '/home/amitha/assignment-ros2-c-publisher-node-AmithaMahesh/install/ros2_publisher/share/ros2_publisher/package.dsv'
[4.577s] INFO:colcon.colcon_core.shell:Creating package script '/home/amitha/assignment-ros2-c-publisher-node-AmithaMahesh/install/ros2_publisher/share/ros2_publisher/package.sh'
[4.578s] INFO:colcon.colcon_core.shell:Creating package script '/home/amitha/assignment-ros2-c-publisher-node-AmithaMahesh/install/ros2_publisher/share/ros2_publisher/package.bash'
[4.578s] INFO:colcon.colcon_core.shell:Creating package script '/home/amitha/assignment-ros2-c-publisher-node-AmithaMahesh/install/ros2_publisher/share/ros2_publisher/package.zsh'
[4.578s] Level 1:colcon.colcon_core.environment:create_file_with_runtime_dependencies(/home/amitha/assignment-ros2-c-publisher-node-AmithaMahesh/install/ros2_publisher/share/colcon-core/packages/ros2_publisher)
[4.578s] DEBUG:colcon.colcon_parallel_executor.executor.parallel:closing loop
[4.579s] DEBUG:colcon.colcon_parallel_executor.executor.parallel:loop closed
[4.579s] DEBUG:colcon.colcon_parallel_executor.executor.parallel:run_until_complete finished with '0'
[4.579s] DEBUG:colcon.colcon_core.event_reactor:joining thread
[4.584s] INFO:colcon.colcon_core.plugin_system:Skipping extension 'colcon_notification.desktop_notification.terminal_notifier': Not used on non-Darwin systems
[4.584s] INFO:colcon.colcon_core.plugin_system:Skipping extension 'colcon_notification.desktop_notification.win32': Not used on non-Windows systems
[4.584s] INFO:colcon.colcon_notification.desktop_notification:Sending desktop notification using 'notify2'
[4.595s] DEBUG:colcon.colcon_core.event_reactor:joined thread
[4.595s] INFO:colcon.colcon_core.shell:Creating prefix script '/home/amitha/assignment-ros2-c-publisher-node-AmithaMahesh/install/local_setup.ps1'
[4.596s] INFO:colcon.colcon_core.shell:Creating prefix util module '/home/amitha/assignment-ros2-c-publisher-node-AmithaMahesh/install/_local_setup_util_ps1.py'
[4.596s] INFO:colcon.colcon_core.shell:Creating prefix chain script '/home/amitha/assignment-ros2-c-publisher-node-AmithaMahesh/install/setup.ps1'
[4.597s] INFO:colcon.colcon_core.shell:Creating prefix script '/home/amitha/assignment-ros2-c-publisher-node-AmithaMahesh/install/local_setup.sh'
[4.598s] INFO:colcon.colcon_core.shell:Creating prefix util module '/home/amitha/assignment-ros2-c-publisher-node-AmithaMahesh/install/_local_setup_util_sh.py'
[4.598s] INFO:colcon.colcon_core.shell:Creating prefix chain script '/home/amitha/assignment-ros2-c-publisher-node-AmithaMahesh/install/setup.sh'
[4.599s] INFO:colcon.colcon_core.shell:Creating prefix script '/home/amitha/assignment-ros2-c-publisher-node-AmithaMahesh/install/local_setup.bash'
[4.599s] INFO:colcon.colcon_core.shell:Creating prefix chain script '/home/amitha/assignment-ros2-c-publisher-node-AmithaMahesh/install/setup.bash'
[4.600s] INFO:colcon.colcon_core.shell:Creating prefix script '/home/amitha/assignment-ros2-c-publisher-node-AmithaMahesh/install/local_setup.zsh'
[4.600s] INFO:colcon.colcon_core.shell:Creating prefix chain script '/home/amitha/assignment-ros2-c-publisher-node-AmithaMahesh/install/setup.zsh'
