[0.010s] Invoking command in '/home/amitha/assignment-ros2-c-publisher-node-AmithaMahesh/build/ros2_publisher': CMAKE_PREFIX_PATH=${CMAKE_PREFIX_PATH}:/opt/ros/jazzy /usr/bin/cmake --build /home/amitha/assignment-ros2-c-publisher-node-AmithaMahesh/build/ros2_publisher -- -j22 -l22
[0.088s] [100%] Built target publisher_node
[0.104s] Invoked command in '/home/amitha/assignment-ros2-c-publisher-node-AmithaMahesh/build/ros2_publisher' returned '0': CMAKE_PREFIX_PATH=${CMAKE_PREFIX_PATH}:/opt/ros/jazzy /usr/bin/cmake --build /home/amitha/assignment-ros2-c-publisher-node-AmithaMahesh/build/ros2_publisher -- -j22 -l22
[0.119s] Invoking command in '/home/amitha/assignment-ros2-c-publisher-node-AmithaMahesh/build/ros2_publisher': CMAKE_PREFIX_PATH=${CMAKE_PREFIX_PATH}:/opt/ros/jazzy /usr/bin/cmake --install /home/amitha/assignment-ros2-c-publisher-node-AmithaMahesh/build/ros2_publisher
[0.129s] -- Install configuration: ""
[0.130s] -- Up-to-date: /home/amitha/assignment-ros2-c-publisher-node-AmithaMahesh/install/ros2_publisher/lib/ros2_publisher/publisher_node
[0.130s] -- Up-to-date: /home/amitha/assignment-ros2-c-publisher-node-AmithaMahesh/install/ros2_publisher/share/ament_index/resource_index/package_run_dependencies/ros2_publisher
[0.130s] -- Up-to-date: /home/amitha/assignment-ros2-c-publisher-node-AmithaMahesh/install/ros2_publisher/share/ament_index/resource_index/parent_prefix_path/ros2_publisher
[0.130s] -- Up-to-date: /home/amitha/assignment-ros2-c-publisher-node-AmithaMahesh/install/ros2_publisher/share/ros2_publisher/environment/ament_prefix_path.sh
[0.131s] -- Up-to-date: /home/amitha/assignment-ros2-c-publisher-node-AmithaMahesh/install/ros2_publisher/share/ros2_publisher/environment/ament_prefix_path.dsv
[0.131s] -- Up-to-date: /home/amitha/assignment-ros2-c-publisher-node-AmithaMahesh/install/ros2_publisher/share/ros2_publisher/environment/path.sh
[0.131s] -- Up-to-date: /home/amitha/assignment-ros2-c-publisher-node-AmithaMahesh/install/ros2_publisher/share/ros2_publisher/environment/path.dsv
[0.131s] -- Up-to-date: /home/amitha/assignment-ros2-c-publisher-node-AmithaMahesh/install/ros2_publisher/share/ros2_publisher/local_setup.bash
[0.131s] -- Up-to-date: /home/amitha/assignment-ros2-c-publisher-node-AmithaMahesh/install/ros2_publisher/share/ros2_publisher/local_setup.sh
[0.131s] -- Up-to-date: /home/amitha/assignment-ros2-c-publisher-node-AmithaMahesh/install/ros2_publisher/share/ros2_publisher/local_setup.zsh
[0.131s] -- Up-to-date: /home/amitha/assignment-ros2-c-publisher-node-AmithaMahesh/install/ros2_publisher/share/ros2_publisher/local_setup.dsv
[0.131s] -- Installing: /home/amitha/assignment-ros2-c-publisher-node-AmithaMahesh/install/ros2_publisher/share/ros2_publisher/package.dsv
[0.131s] -- Up-to-date: /home/amitha/assignment-ros2-c-publisher-node-AmithaMahesh/install/ros2_publisher/share/ament_index/resource_index/packages/ros2_publisher
[0.132s] -- Up-to-date: /home/amitha/assignment-ros2-c-publisher-node-AmithaMahesh/install/ros2_publisher/share/ros2_publisher/cmake/ros2_publisherConfig.cmake
[0.132s] -- Up-to-date: /home/amitha/assignment-ros2-c-publisher-node-AmithaMahesh/install/ros2_publisher/share/ros2_publisher/cmake/ros2_publisherConfig-version.cmake
[0.132s] -- Up-to-date: /home/amitha/assignment-ros2-c-publisher-node-AmithaMahesh/install/ros2_publisher/share/ros2_publisher/package.xml
[0.133s] Invoked command in '/home/amitha/assignment-ros2-c-publisher-node-AmithaMahesh/build/ros2_publisher' returned '0': CMAKE_PREFIX_PATH=${CMAKE_PREFIX_PATH}:/opt/ros/jazzy /usr/bin/cmake --install /home/amitha/assignment-ros2-c-publisher-node-AmithaMahesh/build/ros2_publisher
